2016-10-25 13:38:34,763 [INFO] from play.core.server.NettyServer in pool-4-thread-8 - Listening for HTTP on /0:0:0:0:0:0:0:0:9000
2016-10-25 13:39:03 +0530 [WARN] from application in ForkJoinPool-1-worker-1 - Logger configuration in conf files is deprecated and has no effect. Use a logback configuration file instead.
2016-10-25 13:39:04 +0530 [INFO] from akka.event.slf4j.Slf4jLogger in application-akka.actor.default-dispatcher-5 - Slf4jLogger started
2016-10-25 13:39:04 +0530 [INFO] from play.api.Play in ForkJoinPool-1-worker-1 - Application started (Dev)
2016-10-25 13:40:22 +0530 [WARN] from application in application-akka.actor.default-dispatcher-11 - Logger configuration in conf files is deprecated and has no effect. Use a logback configuration file instead.
2016-10-25 13:40:22 +0530 [INFO] from akka.event.slf4j.Slf4jLogger in application-akka.actor.default-dispatcher-4 - Slf4jLogger started
2016-10-25 13:40:22 +0530 [INFO] from play.api.Play in application-akka.actor.default-dispatcher-11 - Application started (Dev)
2016-10-25 13:43:09 +0530 [WARN] from application in application-akka.actor.default-dispatcher-21 - Logger configuration in conf files is deprecated and has no effect. Use a logback configuration file instead.
2016-10-25 13:43:09 +0530 [INFO] from akka.event.slf4j.Slf4jLogger in application-akka.actor.default-dispatcher-3 - Slf4jLogger started
2016-10-25 13:43:09 +0530 [INFO] from play.api.Play in application-akka.actor.default-dispatcher-21 - Application started (Dev)
2016-10-25 13:43:32 +0530 [WARN] from application in application-akka.actor.default-dispatcher-6 - Logger configuration in conf files is deprecated and has no effect. Use a logback configuration file instead.
2016-10-25 13:43:32 +0530 [INFO] from akka.event.slf4j.Slf4jLogger in application-akka.actor.default-dispatcher-4 - Slf4jLogger started
2016-10-25 13:43:32 +0530 [INFO] from play.api.Play in application-akka.actor.default-dispatcher-6 - Application started (Dev)
2016-10-25 13:45:43 +0530 [WARN] from application in application-akka.actor.default-dispatcher-7 - Logger configuration in conf files is deprecated and has no effect. Use a logback configuration file instead.
2016-10-25 13:45:43 +0530 [INFO] from akka.event.slf4j.Slf4jLogger in application-akka.actor.default-dispatcher-2 - Slf4jLogger started
2016-10-25 13:45:43 +0530 [INFO] from play.api.Play in application-akka.actor.default-dispatcher-7 - Application started (Dev)
2016-10-25 13:46:46 +0530 [WARN] from application in application-akka.actor.default-dispatcher-6 - Logger configuration in conf files is deprecated and has no effect. Use a logback configuration file instead.
2016-10-25 13:46:46 +0530 [INFO] from akka.event.slf4j.Slf4jLogger in application-akka.actor.default-dispatcher-5 - Slf4jLogger started
2016-10-25 13:46:46 +0530 [INFO] from play.api.Play in application-akka.actor.default-dispatcher-6 - Application started (Dev)
2016-10-25 13:47:01 +0530 [WARN] from application in application-akka.actor.default-dispatcher-2 - Logger configuration in conf files is deprecated and has no effect. Use a logback configuration file instead.
2016-10-25 13:47:01 +0530 [INFO] from akka.event.slf4j.Slf4jLogger in application-akka.actor.default-dispatcher-2 - Slf4jLogger started
2016-10-25 13:47:01 +0530 [INFO] from play.api.Play in application-akka.actor.default-dispatcher-2 - Application started (Dev)
2016-10-25 13:58:07 +0530 [WARN] from application in application-akka.actor.default-dispatcher-5 - Logger configuration in conf files is deprecated and has no effect. Use a logback configuration file instead.
2016-10-25 13:58:07 +0530 [INFO] from akka.event.slf4j.Slf4jLogger in application-akka.actor.default-dispatcher-2 - Slf4jLogger started
2016-10-25 13:58:07 +0530 [INFO] from play.api.Play in application-akka.actor.default-dispatcher-5 - Application started (Dev)
2016-10-25 13:58:17 +0530 [WARN] from application in application-akka.actor.default-dispatcher-3 - Logger configuration in conf files is deprecated and has no effect. Use a logback configuration file instead.
2016-10-25 13:58:17 +0530 [INFO] from akka.event.slf4j.Slf4jLogger in application-akka.actor.default-dispatcher-2 - Slf4jLogger started
2016-10-25 13:58:17 +0530 [INFO] from play.api.Play in application-akka.actor.default-dispatcher-3 - Application started (Dev)
2016-10-25 13:58:36 +0530 [WARN] from application in application-akka.actor.default-dispatcher-3 - Logger configuration in conf files is deprecated and has no effect. Use a logback configuration file instead.
2016-10-25 13:58:36 +0530 [INFO] from akka.event.slf4j.Slf4jLogger in application-akka.actor.default-dispatcher-2 - Slf4jLogger started
2016-10-25 13:58:36 +0530 [INFO] from play.api.Play in application-akka.actor.default-dispatcher-3 - Application started (Dev)
2016-10-25 14:00:02 +0530 [WARN] from application in application-akka.actor.default-dispatcher-4 - Logger configuration in conf files is deprecated and has no effect. Use a logback configuration file instead.
2016-10-25 14:00:02 +0530 [INFO] from akka.event.slf4j.Slf4jLogger in application-akka.actor.default-dispatcher-2 - Slf4jLogger started
2016-10-25 14:00:02 +0530 [INFO] from play.api.Play in application-akka.actor.default-dispatcher-4 - Application started (Dev)
